<?xml version="1.0" encoding="UTF-8"?>
<!-- Generated by org.testng.reporters.JUnitReportReporter -->
<testsuite hostname="DESKTOP-7H4UJ6E" name="com.POM.NewToursHomePageTesting" tests="1" failures="0" timestamp="11 May 2018 00:23:59 GMT" time="16.169" errors="0">
  <testcase name="HomePage" time="16.169" classname="com.POM.NewToursHomePageTesting"/>
</testsuite> <!-- com.POM.NewToursHomePageTesting -->
