<?xml version="1.0" encoding="UTF-8"?>
<!-- Generated by org.testng.reporters.JUnitReportReporter -->
<testsuite hostname="DESKTOP-7H4UJ6E" name="com.Annotations.Annotations2" tests="2" failures="0" timestamp="20 Apr 2018 00:00:07 GMT" time="0.017" errors="0">
  <testcase name="InBox" time="0.008" classname="com.Annotations.Annotations2"/>
  <testcase name="ComposeMail" time="0.009" classname="com.Annotations.Annotations2"/>
</testsuite> <!-- com.Annotations.Annotations2 -->
