<?xml version="1.0" encoding="UTF-8"?>
<!-- Generated by org.testng.reporters.JUnitReportReporter -->
<testsuite hostname="DESKTOP-7H4UJ6E" name="com.Annotations.Annotations1" tests="4" failures="0" timestamp="19 Apr 2018 23:57:02 GMT" time="0.032" errors="0">
  <testcase name="BrowserLaunch" time="0.002" classname="com.Annotations.Annotations1"/>
  <testcase name="ComposeMail" time="0.002" classname="com.Annotations.Annotations1"/>
  <testcase name="LogIn" time="0.011" classname="com.Annotations.Annotations1"/>
  <testcase name="InBox" time="0.017" classname="com.Annotations.Annotations1"/>
</testsuite> <!-- com.Annotations.Annotations1 -->
