<?xml version="1.0" encoding="UTF-8"?>
<!-- Generated by org.testng.reporters.JUnitReportReporter -->
<testsuite hostname="DESKTOP-7H4UJ6E" name="com.KeyWord.NewToursLogIntesting" tests="1" failures="0" timestamp="11 May 2018 00:23:59 GMT" time="6.450" errors="0">
  <testcase name="logIn" time="6.450" classname="com.KeyWord.NewToursLogIntesting"/>
</testsuite> <!-- com.KeyWord.NewToursLogIntesting -->
