<?xml version="1.0" encoding="UTF-8"?>
<!-- Generated by org.testng.reporters.JUnitReportReporter -->
<testsuite hostname="DESKTOP-7H4UJ6E" name="com.Annotations.Annoations3" tests="2" failures="0" timestamp="20 Apr 2018 00:02:29 GMT" time="0.024" errors="0">
  <testcase name="ComposeMail" time="0.007" classname="com.Annotations.Annoations3"/>
  <testcase name="InBox" time="0.017" classname="com.Annotations.Annoations3"/>
</testsuite> <!-- com.Annotations.Annoations3 -->
