<?xml version="1.0" encoding="UTF-8"?>
<!-- Generated by org.testng.reporters.JUnitReportReporter -->
<testsuite hostname="DESKTOP-7H4UJ6E" name="com.Annotations.NewTours_LogInTesting" tests="1" failures="0" timestamp="11 May 2018 00:23:59 GMT" time="5.848" errors="0">
  <testcase name="LogIn" time="5.848" classname="com.Annotations.NewTours_LogInTesting"/>
</testsuite> <!-- com.Annotations.NewTours_LogInTesting -->
