<?xml version="1.0" encoding="UTF-8"?>
<!-- Generated by org.testng.reporters.JUnitReportReporter -->
<testsuite hostname="DESKTOP-7H4UJ6E" name="com.DataDriven.NewTours_UserRegistration_TestData" tests="2" failures="0" timestamp="11 May 2018 00:23:59 GMT" time="18.582" errors="0">
  <testcase name="Register" time="0.438" classname="com.DataDriven.NewTours_UserRegistration_TestData"/>
  <testcase name="UserRegistration" time="18.144" classname="com.DataDriven.NewTours_UserRegistration_TestData"/>
</testsuite> <!-- com.DataDriven.NewTours_UserRegistration_TestData -->
