<?xml version="1.0" encoding="UTF-8"?>
<!-- Generated by org.testng.reporters.JUnitReportReporter -->
<testsuite hostname="DESKTOP-7H4UJ6E" name="com.DataDriven.NewTours_NewUserRegistration" tests="2" failures="0" timestamp="21 Apr 2018 00:01:02 GMT" time="6.441" errors="0">
  <testcase name="UserRegistration" time="5.887" classname="com.DataDriven.NewTours_NewUserRegistration"/>
  <testcase name="Register" time="0.554" classname="com.DataDriven.NewTours_NewUserRegistration"/>
</testsuite> <!-- com.DataDriven.NewTours_NewUserRegistration -->
